<?xml version="1.0" encoding="UTF-8"?>
<!-- Generated by org.testng.reporters.JUnitReportReporter -->
<testsuite hostname="AKASH-INSPIRON" failures="0" tests="2" name="TestngGroup.GroupEx3" time="0.002" errors="0" timestamp="2025-04-13T10:31:01 IST" skipped="0">
  <testcase classname="TestngGroup.GroupEx3" name="StudentDetails" time="0.001"/>
  <testcase classname="TestngGroup.GroupEx3" name="StudentLogin" time="0.001"/>
</testsuite> <!-- TestngGroup.GroupEx3 -->
