<?xml version="1.0" encoding="UTF-8"?>
<!-- Generated by org.testng.reporters.JUnitReportReporter -->
<testsuite hostname="AKASH-INSPIRON" failures="0" tests="3" name="DataProvidersParametrization.DataProviderEx3" time="0.003" errors="0" timestamp="2025-04-13T10:31:01 IST" skipped="0">
  <testcase classname="DataProvidersParametrization.DataProviderEx3" name="Login" time="0.001"/>
  <testcase classname="DataProvidersParametrization.DataProviderEx3" name="Login" time="0.001"/>
  <testcase classname="DataProvidersParametrization.DataProviderEx3" name="Login" time="0.001"/>
</testsuite> <!-- DataProvidersParametrization.DataProviderEx3 -->
