<?xml version="1.0" encoding="UTF-8"?>
<!-- Generated by org.testng.reporters.JUnitReportReporter -->
<testsuite hostname="AKASH-INSPIRON" failures="0" tests="1" name="TestngParametrization.ParamEx2" time="0.004" errors="0" timestamp="2025-04-13T10:31:01 IST" skipped="0">
  <testcase classname="TestngParametrization.ParamEx2" name="sample1" time="0.004"/>
</testsuite> <!-- TestngParametrization.ParamEx2 -->
