<?xml version="1.0" encoding="UTF-8"?>
<!-- Generated by org.testng.reporters.JUnitReportReporter -->
<testsuite hostname="AKASH-INSPIRON" failures="0" tests="6" name="IgnoreTest.IgnoreTest" time="0.009" errors="0" timestamp="2025-04-13T10:31:01 IST" skipped="1">
  <testcase classname="IgnoreTest.IgnoreTest" name="startTheCar" time="0.001"/>
  <testcase classname="IgnoreTest.IgnoreTest" name="swiftFirstGear" time="0.002"/>
  <testcase classname="IgnoreTest.IgnoreTest" name="swiftSecondGear" time="0.003"/>
  <testcase classname="IgnoreTest.IgnoreTest" name="swiftThirdGear" time="0.001"/>
  <testcase classname="IgnoreTest.IgnoreTest" name="swiftFourthGear" time="0.002"/>
  <testcase classname="IgnoreTest.IgnoreTest" name="turnMusicOn">
    <skipped/>
  </testcase> <!-- turnMusicOn -->
</testsuite> <!-- IgnoreTest.IgnoreTest -->
