<?xml version="1.0" encoding="UTF-8"?>
<!-- Generated by org.testng.reporters.JUnitReportReporter -->
<testsuite hostname="AKASH-INSPIRON" failures="0" tests="2" name="ParallelTestExecution.ParallelEx2" time="0.010" errors="0" timestamp="2025-04-13T10:31:01 IST" skipped="0">
  <testcase classname="ParallelTestExecution.ParallelEx2" name="ParentLogin" time="0.003"/>
  <testcase classname="ParallelTestExecution.ParallelEx2" name="ParentDetails" time="0.007"/>
</testsuite> <!-- ParallelTestExecution.ParallelEx2 -->
