<?xml version="1.0" encoding="UTF-8"?>
<!-- Generated by org.testng.reporters.JUnitReportReporter -->
<testsuite hostname="AKASH-INSPIRON" failures="0" tests="5" name="TestCasePriority.PriorityExample" time="0.010" errors="0" timestamp="2025-04-13T10:31:01 IST" skipped="0">
  <testcase classname="TestCasePriority.PriorityExample" name="sample" time="0.002"/>
  <testcase classname="TestCasePriority.PriorityExample" name="sample5" time="0.001"/>
  <testcase classname="TestCasePriority.PriorityExample" name="sample3" time="0.002"/>
  <testcase classname="TestCasePriority.PriorityExample" name="sample1" time="0.003"/>
  <testcase classname="TestCasePriority.PriorityExample" name="sample4" time="0.002"/>
</testsuite> <!-- TestCasePriority.PriorityExample -->
