<?xml version="1.0" encoding="UTF-8"?>
<!-- Generated by org.testng.reporters.JUnitReportReporter -->
<testsuite hostname="AKASH-INSPIRON" failures="0" tests="2" name="TestngGroup.GroupEx2" time="0.002" errors="0" timestamp="2025-04-13T10:31:01 IST" skipped="0">
  <testcase classname="TestngGroup.GroupEx2" name="ParentDetails" time="0.001"/>
  <testcase classname="TestngGroup.GroupEx2" name="ParentLogin" time="0.001"/>
</testsuite> <!-- TestngGroup.GroupEx2 -->
