<?xml version="1.0" encoding="UTF-8"?>
<!-- Generated by org.testng.reporters.JUnitReportReporter -->
<testsuite hostname="AKASH-INSPIRON" failures="0" tests="3" name="ParallelTestExecution.ParallelEx4" time="8.191" errors="0" timestamp="2025-04-13T10:34:35 IST" skipped="0">
  <testcase classname="ParallelTestExecution.ParallelEx4" name="openHRM" time="3.762"/>
  <testcase classname="ParallelTestExecution.ParallelEx4" name="openUniversity" time="1.477"/>
  <testcase classname="ParallelTestExecution.ParallelEx4" name="openGoogle" time="2.952"/>
</testsuite> <!-- ParallelTestExecution.ParallelEx4 -->
