<?xml version="1.0" encoding="UTF-8"?>
<!-- Generated by org.testng.reporters.JUnitReportReporter -->
<testsuite hostname="AKASH-INSPIRON" failures="0" tests="8" name="TestngGroup.GroupingExample1" time="0.012" errors="0" timestamp="2025-04-13T10:31:01 IST" skipped="0">
  <testcase classname="TestngGroup.GroupingExample1" name="moto1" time="0.002"/>
  <testcase classname="TestngGroup.GroupingExample1" name="vivo2" time="0.001"/>
  <testcase classname="TestngGroup.GroupingExample1" name="vivo1" time="0.002"/>
  <testcase classname="TestngGroup.GroupingExample1" name="apple1" time="0.002"/>
  <testcase classname="TestngGroup.GroupingExample1" name="apple2" time="0.001"/>
  <testcase classname="TestngGroup.GroupingExample1" name="lenovo2" time="0.001"/>
  <testcase classname="TestngGroup.GroupingExample1" name="moto2" time="0.001"/>
  <testcase classname="TestngGroup.GroupingExample1" name="lenovo1" time="0.002"/>
</testsuite> <!-- TestngGroup.GroupingExample1 -->
