<?xml version="1.0" encoding="UTF-8"?>
<!-- Generated by org.testng.reporters.JUnitReportReporter -->
<testsuite hostname="AKASH-INSPIRON" failures="0" tests="2" name="ParallelTestExecution.ParallelEx1" time="0.006" errors="0" timestamp="2025-04-13T10:31:01 IST" skipped="0">
  <testcase classname="ParallelTestExecution.ParallelEx1" name="FacultyLogin" time="0.002"/>
  <testcase classname="ParallelTestExecution.ParallelEx1" name="FacultyDetails" time="0.004"/>
</testsuite> <!-- ParallelTestExecution.ParallelEx1 -->
