<?xml version="1.0" encoding="UTF-8"?>
<!-- Generated by org.testng.reporters.JUnitReportReporter -->
<testsuite hostname="AKASH-INSPIRON" failures="0" tests="2" name="SkipTest.SkipTest" time="0.003" errors="0" timestamp="2025-04-13T10:31:01 IST" skipped="1">
  <testcase classname="SkipTest.SkipTest" name="nonSkipTest" time="0.002"/>
  <testcase classname="SkipTest.SkipTest" name="skipTest" time="0.001">
    <skipped/>
  </testcase> <!-- skipTest -->
</testsuite> <!-- SkipTest.SkipTest -->
