<?xml version="1.0" encoding="UTF-8"?>
<!-- Generated by org.testng.reporters.JUnitReportReporter -->
<testsuite hostname="AKASH-INSPIRON" failures="0" tests="3" name="DependencyManagement.DependencyManagement" time="0.008" errors="0" timestamp="2025-04-13T10:31:01 IST" skipped="0">
  <testcase classname="DependencyManagement.DependencyManagement" name="highschool" time="0.002"/>
  <testcase classname="DependencyManagement.DependencyManagement" name="college" time="0.005"/>
  <testcase classname="DependencyManagement.DependencyManagement" name="highersecondary" time="0.001"/>
</testsuite> <!-- DependencyManagement.DependencyManagement -->
