<?xml version="1.0" encoding="UTF-8"?>
<!-- Generated by org.testng.reporters.JUnitReportReporter -->
<testsuite hostname="AKASH-INSPIRON" failures="0" tests="6" name="TestCasePriority.TestCasePriority" time="0.010" errors="0" timestamp="2025-04-13T10:31:01 IST" skipped="0">
  <testcase classname="TestCasePriority.TestCasePriority" name="swiftSecondGear" time="0.002"/>
  <testcase classname="TestCasePriority.TestCasePriority" name="startTheCar" time="0.002"/>
  <testcase classname="TestCasePriority.TestCasePriority" name="swiftFifthGear" time="0.002"/>
  <testcase classname="TestCasePriority.TestCasePriority" name="swiftFirstGear" time="0.002"/>
  <testcase classname="TestCasePriority.TestCasePriority" name="swiftThirdGear" time="0.001"/>
  <testcase classname="TestCasePriority.TestCasePriority" name="swiftFourthGear" time="0.001"/>
</testsuite> <!-- TestCasePriority.TestCasePriority -->
