<?xml version="1.0" encoding="UTF-8"?>
<!-- Generated by org.testng.reporters.JUnitReportReporter -->
<testsuite hostname="AKASH-INSPIRON" failures="0" tests="2" name="TestngGroup.GroupEx1" time="0.004" errors="0" timestamp="2025-04-13T10:31:01 IST" skipped="0">
  <testcase classname="TestngGroup.GroupEx1" name="FacultyDetails" time="0.003"/>
  <testcase classname="TestngGroup.GroupEx1" name="FacultyLogin" time="0.001"/>
</testsuite> <!-- TestngGroup.GroupEx1 -->
