<?xml version="1.0" encoding="UTF-8"?>
<!-- Generated by org.testng.reporters.JUnitReportReporter -->
<testsuite hostname="AKASH-INSPIRON" failures="0" tests="3" name="DataProvidersParametrization.DataProviderEx1" time="0.005" errors="0" timestamp="2025-04-13T10:31:01 IST" skipped="0">
  <testcase classname="DataProvidersParametrization.DataProviderEx1" name="Login" time="0.002"/>
  <testcase classname="DataProvidersParametrization.DataProviderEx1" name="Login" time="0.001"/>
  <testcase classname="DataProvidersParametrization.DataProviderEx1" name="Login" time="0.002"/>
</testsuite> <!-- DataProvidersParametrization.DataProviderEx1 -->
