<?xml version="1.0" encoding="UTF-8"?>
<!-- Generated by org.testng.reporters.JUnitReportReporter -->
<testsuite hostname="AKASH-INSPIRON" failures="0" tests="11" name="InvocationMethod.InvocationMethod" time="0.011" errors="0" timestamp="2025-04-13T10:31:01 IST" skipped="0">
  <testcase classname="InvocationMethod.InvocationMethod" name="sample" time="0.001"/>
  <testcase classname="InvocationMethod.InvocationMethod" name="sample" time="0.000"/>
  <testcase classname="InvocationMethod.InvocationMethod" name="sample" time="0.001"/>
  <testcase classname="InvocationMethod.InvocationMethod" name="sample" time="0.001"/>
  <testcase classname="InvocationMethod.InvocationMethod" name="sample" time="0.001"/>
  <testcase classname="InvocationMethod.InvocationMethod" name="sample" time="0.001"/>
  <testcase classname="InvocationMethod.InvocationMethod" name="sample" time="0.002"/>
  <testcase classname="InvocationMethod.InvocationMethod" name="sample" time="0.001"/>
  <testcase classname="InvocationMethod.InvocationMethod" name="sample" time="0.001"/>
  <testcase classname="InvocationMethod.InvocationMethod" name="sample1" time="0.001"/>
  <testcase classname="InvocationMethod.InvocationMethod" name="sample" time="0.001"/>
</testsuite> <!-- InvocationMethod.InvocationMethod -->
