<?xml version="1.0" encoding="UTF-8"?>
<!-- Generated by org.testng.reporters.JUnitReportReporter -->
<testsuite hostname="AKASH-INSPIRON" failures="0" tests="2" name="OrderofExecution.OrderofExecution" time="0.010" errors="0" timestamp="2025-04-13T10:31:01 IST" skipped="0">
  <testcase classname="OrderofExecution.OrderofExecution" name="testCase2" time="0.006"/>
  <testcase classname="OrderofExecution.OrderofExecution" name="testCase1" time="0.004"/>
</testsuite> <!-- OrderofExecution.OrderofExecution -->
